{"/Users/griffindunaif/Helena/pocket/src/pocket.ts": {"path":"/Users/griffindunaif/Helena/pocket/src/pocket.ts","all":false,"statementMap":{"0":{"start":{"line":1,"column":0},"end":{"line":1,"column":35}},"1":{"start":{"line":2,"column":0},"end":{"line":2,"column":0}},"2":{"start":{"line":3,"column":0},"end":{"line":3,"column":63}},"3":{"start":{"line":4,"column":0},"end":{"line":4,"column":0}},"4":{"start":{"line":5,"column":0},"end":{"line":5,"column":32}},"5":{"start":{"line":6,"column":0},"end":{"line":6,"column":28}},"6":{"start":{"line":7,"column":0},"end":{"line":7,"column":45}},"7":{"start":{"line":8,"column":0},"end":{"line":8,"column":0}},"8":{"start":{"line":9,"column":0},"end":{"line":9,"column":19}},"9":{"start":{"line":10,"column":0},"end":{"line":10,"column":30}},"10":{"start":{"line":11,"column":0},"end":{"line":11,"column":36}},"11":{"start":{"line":12,"column":0},"end":{"line":12,"column":5}},"12":{"start":{"line":13,"column":0},"end":{"line":13,"column":0}},"13":{"start":{"line":14,"column":0},"end":{"line":14,"column":41}},"14":{"start":{"line":15,"column":0},"end":{"line":15,"column":34}},"15":{"start":{"line":16,"column":0},"end":{"line":16,"column":5}},"16":{"start":{"line":17,"column":0},"end":{"line":17,"column":0}},"17":{"start":{"line":18,"column":0},"end":{"line":18,"column":30}},"18":{"start":{"line":19,"column":0},"end":{"line":19,"column":38}},"19":{"start":{"line":20,"column":0},"end":{"line":20,"column":58}},"20":{"start":{"line":21,"column":0},"end":{"line":21,"column":54}},"21":{"start":{"line":22,"column":0},"end":{"line":22,"column":23}},"22":{"start":{"line":23,"column":0},"end":{"line":23,"column":5}},"23":{"start":{"line":24,"column":0},"end":{"line":24,"column":0}},"24":{"start":{"line":25,"column":0},"end":{"line":25,"column":32}},"25":{"start":{"line":26,"column":0},"end":{"line":26,"column":0}},"26":{"start":{"line":27,"column":0},"end":{"line":27,"column":88}},"27":{"start":{"line":28,"column":0},"end":{"line":28,"column":42}},"28":{"start":{"line":29,"column":0},"end":{"line":29,"column":63}},"29":{"start":{"line":30,"column":0},"end":{"line":30,"column":9}},"30":{"start":{"line":31,"column":0},"end":{"line":31,"column":0}},"31":{"start":{"line":32,"column":0},"end":{"line":32,"column":8}},"32":{"start":{"line":33,"column":0},"end":{"line":33,"column":50}},"33":{"start":{"line":34,"column":0},"end":{"line":34,"column":5}},"34":{"start":{"line":35,"column":0},"end":{"line":35,"column":0}},"35":{"start":{"line":36,"column":0},"end":{"line":36,"column":61}},"36":{"start":{"line":37,"column":0},"end":{"line":37,"column":41}},"37":{"start":{"line":38,"column":0},"end":{"line":38,"column":29}},"38":{"start":{"line":39,"column":0},"end":{"line":39,"column":9}},"39":{"start":{"line":40,"column":0},"end":{"line":40,"column":0}},"40":{"start":{"line":41,"column":0},"end":{"line":41,"column":79}},"41":{"start":{"line":42,"column":0},"end":{"line":42,"column":50}},"42":{"start":{"line":43,"column":0},"end":{"line":43,"column":5}},"43":{"start":{"line":44,"column":0},"end":{"line":44,"column":4}},"44":{"start":{"line":45,"column":0},"end":{"line":45,"column":50}},"45":{"start":{"line":46,"column":0},"end":{"line":46,"column":0}},"46":{"start":{"line":47,"column":0},"end":{"line":47,"column":7}},"47":{"start":{"line":48,"column":0},"end":{"line":48,"column":78}},"48":{"start":{"line":49,"column":0},"end":{"line":49,"column":7}},"49":{"start":{"line":50,"column":0},"end":{"line":50,"column":65}},"50":{"start":{"line":51,"column":0},"end":{"line":51,"column":65}},"51":{"start":{"line":52,"column":0},"end":{"line":52,"column":25}},"52":{"start":{"line":53,"column":0},"end":{"line":53,"column":16}},"53":{"start":{"line":54,"column":0},"end":{"line":54,"column":7}},"54":{"start":{"line":55,"column":0},"end":{"line":55,"column":55}},"55":{"start":{"line":56,"column":0},"end":{"line":56,"column":41}},"56":{"start":{"line":57,"column":0},"end":{"line":57,"column":5}},"57":{"start":{"line":58,"column":0},"end":{"line":58,"column":0}},"58":{"start":{"line":59,"column":0},"end":{"line":59,"column":7}},"59":{"start":{"line":60,"column":0},"end":{"line":60,"column":69}},"60":{"start":{"line":61,"column":0},"end":{"line":61,"column":50}},"61":{"start":{"line":62,"column":0},"end":{"line":62,"column":25}},"62":{"start":{"line":63,"column":0},"end":{"line":63,"column":7}},"63":{"start":{"line":64,"column":0},"end":{"line":64,"column":53}},"64":{"start":{"line":65,"column":0},"end":{"line":65,"column":0}},"65":{"start":{"line":66,"column":0},"end":{"line":66,"column":87}},"66":{"start":{"line":67,"column":0},"end":{"line":67,"column":0}},"67":{"start":{"line":68,"column":0},"end":{"line":68,"column":7}},"68":{"start":{"line":69,"column":0},"end":{"line":69,"column":73}},"69":{"start":{"line":70,"column":0},"end":{"line":70,"column":70}},"70":{"start":{"line":71,"column":0},"end":{"line":71,"column":7}},"71":{"start":{"line":72,"column":0},"end":{"line":72,"column":57}},"72":{"start":{"line":73,"column":0},"end":{"line":73,"column":56}},"73":{"start":{"line":74,"column":0},"end":{"line":74,"column":62}},"74":{"start":{"line":75,"column":0},"end":{"line":75,"column":76}},"75":{"start":{"line":76,"column":0},"end":{"line":76,"column":0}},"76":{"start":{"line":77,"column":0},"end":{"line":77,"column":22}},"77":{"start":{"line":78,"column":0},"end":{"line":78,"column":5}},"78":{"start":{"line":79,"column":0},"end":{"line":79,"column":1}},"79":{"start":{"line":80,"column":0},"end":{"line":80,"column":0}},"80":{"start":{"line":81,"column":0},"end":{"line":81,"column":50}},"81":{"start":{"line":82,"column":0},"end":{"line":82,"column":33}},"82":{"start":{"line":83,"column":0},"end":{"line":83,"column":33}},"83":{"start":{"line":84,"column":0},"end":{"line":84,"column":0}},"84":{"start":{"line":85,"column":0},"end":{"line":85,"column":57}},"85":{"start":{"line":86,"column":0},"end":{"line":86,"column":16}},"86":{"start":{"line":87,"column":0},"end":{"line":87,"column":37}},"87":{"start":{"line":88,"column":0},"end":{"line":88,"column":37}},"88":{"start":{"line":89,"column":0},"end":{"line":89,"column":5}},"89":{"start":{"line":90,"column":0},"end":{"line":90,"column":0}},"90":{"start":{"line":91,"column":0},"end":{"line":91,"column":61}},"91":{"start":{"line":92,"column":0},"end":{"line":92,"column":51}},"92":{"start":{"line":93,"column":0},"end":{"line":93,"column":17}},"93":{"start":{"line":94,"column":0},"end":{"line":94,"column":55}},"94":{"start":{"line":95,"column":0},"end":{"line":95,"column":29}},"95":{"start":{"line":96,"column":0},"end":{"line":96,"column":83}},"96":{"start":{"line":97,"column":0},"end":{"line":97,"column":13}},"97":{"start":{"line":98,"column":0},"end":{"line":98,"column":9}},"98":{"start":{"line":99,"column":0},"end":{"line":99,"column":0}},"99":{"start":{"line":100,"column":0},"end":{"line":100,"column":86}},"100":{"start":{"line":101,"column":0},"end":{"line":101,"column":5}},"101":{"start":{"line":102,"column":0},"end":{"line":102,"column":1}},"102":{"start":{"line":103,"column":0},"end":{"line":103,"column":0}},"103":{"start":{"line":104,"column":0},"end":{"line":104,"column":36}},"104":{"start":{"line":105,"column":0},"end":{"line":105,"column":28}},"105":{"start":{"line":106,"column":0},"end":{"line":106,"column":0}},"106":{"start":{"line":107,"column":0},"end":{"line":107,"column":34}},"107":{"start":{"line":108,"column":0},"end":{"line":108,"column":16}},"108":{"start":{"line":109,"column":0},"end":{"line":109,"column":27}},"109":{"start":{"line":110,"column":0},"end":{"line":110,"column":5}},"110":{"start":{"line":111,"column":0},"end":{"line":111,"column":0}},"111":{"start":{"line":112,"column":0},"end":{"line":112,"column":31}},"112":{"start":{"line":113,"column":0},"end":{"line":113,"column":67}},"113":{"start":{"line":114,"column":0},"end":{"line":114,"column":52}},"114":{"start":{"line":115,"column":0},"end":{"line":115,"column":36}},"115":{"start":{"line":116,"column":0},"end":{"line":116,"column":5}},"116":{"start":{"line":117,"column":0},"end":{"line":117,"column":0}},"117":{"start":{"line":118,"column":0},"end":{"line":118,"column":45}},"118":{"start":{"line":119,"column":0},"end":{"line":119,"column":79}},"119":{"start":{"line":120,"column":0},"end":{"line":120,"column":34}},"120":{"start":{"line":121,"column":0},"end":{"line":121,"column":5}},"121":{"start":{"line":122,"column":0},"end":{"line":122,"column":0}},"122":{"start":{"line":123,"column":0},"end":{"line":123,"column":51}},"123":{"start":{"line":124,"column":0},"end":{"line":124,"column":71}},"124":{"start":{"line":125,"column":0},"end":{"line":125,"column":5}},"125":{"start":{"line":126,"column":0},"end":{"line":126,"column":0}},"126":{"start":{"line":127,"column":0},"end":{"line":127,"column":48}},"127":{"start":{"line":128,"column":0},"end":{"line":128,"column":64}},"128":{"start":{"line":129,"column":0},"end":{"line":129,"column":5}},"129":{"start":{"line":130,"column":0},"end":{"line":130,"column":0}},"130":{"start":{"line":131,"column":0},"end":{"line":131,"column":73}},"131":{"start":{"line":132,"column":0},"end":{"line":132,"column":74}},"132":{"start":{"line":133,"column":0},"end":{"line":133,"column":29}},"133":{"start":{"line":134,"column":0},"end":{"line":134,"column":67}},"134":{"start":{"line":135,"column":0},"end":{"line":135,"column":80}},"135":{"start":{"line":136,"column":0},"end":{"line":136,"column":62}},"136":{"start":{"line":137,"column":0},"end":{"line":137,"column":97}},"137":{"start":{"line":138,"column":0},"end":{"line":138,"column":9}},"138":{"start":{"line":139,"column":0},"end":{"line":139,"column":5}},"139":{"start":{"line":140,"column":0},"end":{"line":140,"column":0}},"140":{"start":{"line":141,"column":0},"end":{"line":141,"column":50}},"141":{"start":{"line":142,"column":0},"end":{"line":142,"column":56}},"142":{"start":{"line":143,"column":0},"end":{"line":143,"column":0}},"143":{"start":{"line":144,"column":0},"end":{"line":144,"column":44}},"144":{"start":{"line":145,"column":0},"end":{"line":145,"column":0}},"145":{"start":{"line":146,"column":0},"end":{"line":146,"column":51}},"146":{"start":{"line":147,"column":0},"end":{"line":147,"column":61}},"147":{"start":{"line":148,"column":0},"end":{"line":148,"column":5}},"148":{"start":{"line":149,"column":0},"end":{"line":149,"column":0}},"149":{"start":{"line":150,"column":0},"end":{"line":150,"column":85}},"150":{"start":{"line":151,"column":0},"end":{"line":151,"column":30}},"151":{"start":{"line":152,"column":0},"end":{"line":152,"column":5}},"152":{"start":{"line":153,"column":0},"end":{"line":153,"column":1}},"153":{"start":{"line":154,"column":0},"end":{"line":154,"column":0}},"154":{"start":{"line":155,"column":0},"end":{"line":155,"column":37}},"155":{"start":{"line":156,"column":0},"end":{"line":156,"column":50}},"156":{"start":{"line":157,"column":0},"end":{"line":157,"column":54}},"157":{"start":{"line":158,"column":0},"end":{"line":158,"column":18}},"158":{"start":{"line":159,"column":0},"end":{"line":159,"column":5}},"159":{"start":{"line":160,"column":0},"end":{"line":160,"column":0}},"160":{"start":{"line":161,"column":0},"end":{"line":161,"column":50}},"161":{"start":{"line":162,"column":0},"end":{"line":162,"column":40}},"162":{"start":{"line":163,"column":0},"end":{"line":163,"column":60}},"163":{"start":{"line":164,"column":0},"end":{"line":164,"column":0}},"164":{"start":{"line":165,"column":0},"end":{"line":165,"column":34}},"165":{"start":{"line":166,"column":0},"end":{"line":166,"column":50}},"166":{"start":{"line":167,"column":0},"end":{"line":167,"column":69}},"167":{"start":{"line":168,"column":0},"end":{"line":168,"column":40}},"168":{"start":{"line":169,"column":0},"end":{"line":169,"column":9}},"169":{"start":{"line":170,"column":0},"end":{"line":170,"column":61}},"170":{"start":{"line":171,"column":0},"end":{"line":171,"column":0}},"171":{"start":{"line":172,"column":0},"end":{"line":172,"column":66}},"172":{"start":{"line":173,"column":0},"end":{"line":173,"column":5}},"173":{"start":{"line":174,"column":0},"end":{"line":174,"column":0}},"174":{"start":{"line":175,"column":0},"end":{"line":175,"column":93}},"175":{"start":{"line":176,"column":0},"end":{"line":176,"column":103}},"176":{"start":{"line":177,"column":0},"end":{"line":177,"column":30}},"177":{"start":{"line":178,"column":0},"end":{"line":178,"column":5}},"178":{"start":{"line":179,"column":0},"end":{"line":179,"column":1}}},"s":{"0":1,"1":1,"2":1,"3":1,"4":1,"5":1,"6":1,"7":1,"8":1,"9":134,"10":134,"11":134,"12":1,"13":1,"14":80,"15":80,"16":1,"17":1,"18":80,"19":80,"20":80,"21":80,"22":80,"23":1,"24":1,"25":1,"26":1,"27":22,"28":1,"29":1,"30":21,"31":21,"32":21,"33":21,"34":1,"35":1,"36":80,"37":56,"38":56,"39":24,"40":24,"41":24,"42":24,"43":1,"44":1,"45":1,"46":1,"47":1,"48":1,"49":1,"50":1,"51":1,"52":1,"53":1,"54":1,"55":73,"56":73,"57":1,"58":1,"59":1,"60":1,"61":1,"62":1,"63":1,"64":1,"65":1,"66":1,"67":1,"68":1,"69":1,"70":1,"71":1,"72":76,"73":75,"74":74,"75":74,"76":74,"77":74,"78":1,"79":1,"80":1,"81":1,"82":1,"83":1,"84":1,"85":2,"86":2,"87":2,"88":2,"89":1,"90":1,"91":2,"92":5,"93":5,"94":5,"95":4,"96":4,"97":5,"98":4,"99":4,"100":4,"101":1,"102":1,"103":1,"104":1,"105":1,"106":1,"107":25,"108":25,"109":25,"110":1,"111":1,"112":7,"113":7,"114":7,"115":7,"116":1,"117":1,"118":56,"119":56,"120":56,"121":1,"122":1,"123":1,"124":1,"125":1,"126":1,"127":15,"128":15,"129":1,"130":1,"131":56,"132":56,"133":80,"134":80,"135":80,"136":80,"137":80,"138":56,"139":1,"140":1,"141":15,"142":15,"143":15,"144":15,"145":15,"146":15,"147":15,"148":1,"149":1,"150":15,"151":15,"152":1,"153":1,"154":1,"155":1,"156":0,"157":0,"158":0,"159":1,"160":1,"161":2,"162":2,"163":2,"164":2,"165":2,"166":41,"167":41,"168":41,"169":2,"170":2,"171":2,"172":2,"173":1,"174":1,"175":2,"176":2,"177":2,"178":1},"branchMap":{"0":{"type":"branch","line":9,"loc":{"start":{"line":9,"column":4},"end":{"line":12,"column":5}},"locations":[{"start":{"line":9,"column":4},"end":{"line":12,"column":5}}]},"1":{"type":"branch","line":14,"loc":{"start":{"line":14,"column":11},"end":{"line":16,"column":5}},"locations":[{"start":{"line":14,"column":11},"end":{"line":16,"column":5}}]},"2":{"type":"branch","line":18,"loc":{"start":{"line":18,"column":11},"end":{"line":23,"column":5}},"locations":[{"start":{"line":18,"column":11},"end":{"line":23,"column":5}}]},"3":{"type":"branch","line":27,"loc":{"start":{"line":27,"column":11},"end":{"line":34,"column":5}},"locations":[{"start":{"line":27,"column":11},"end":{"line":34,"column":5}}]},"4":{"type":"branch","line":28,"loc":{"start":{"line":28,"column":41},"end":{"line":30,"column":9}},"locations":[{"start":{"line":28,"column":41},"end":{"line":30,"column":9}}]},"5":{"type":"branch","line":31,"loc":{"start":{"line":31,"column":-1},"end":{"line":34,"column":5}},"locations":[{"start":{"line":31,"column":-1},"end":{"line":34,"column":5}}]},"6":{"type":"branch","line":36,"loc":{"start":{"line":36,"column":11},"end":{"line":43,"column":5}},"locations":[{"start":{"line":36,"column":11},"end":{"line":43,"column":5}}]},"7":{"type":"branch","line":37,"loc":{"start":{"line":37,"column":40},"end":{"line":39,"column":9}},"locations":[{"start":{"line":37,"column":40},"end":{"line":39,"column":9}}]},"8":{"type":"branch","line":40,"loc":{"start":{"line":40,"column":-1},"end":{"line":43,"column":5}},"locations":[{"start":{"line":40,"column":-1},"end":{"line":43,"column":5}}]},"9":{"type":"branch","line":55,"loc":{"start":{"line":55,"column":11},"end":{"line":57,"column":5}},"locations":[{"start":{"line":55,"column":11},"end":{"line":57,"column":5}}]},"10":{"type":"branch","line":72,"loc":{"start":{"line":72,"column":11},"end":{"line":78,"column":5}},"locations":[{"start":{"line":72,"column":11},"end":{"line":78,"column":5}}]},"11":{"type":"branch","line":74,"loc":{"start":{"line":74,"column":-1},"end":{"line":74,"column":62}},"locations":[{"start":{"line":74,"column":-1},"end":{"line":74,"column":62}}]},"12":{"type":"branch","line":75,"loc":{"start":{"line":75,"column":-1},"end":{"line":78,"column":5}},"locations":[{"start":{"line":75,"column":-1},"end":{"line":78,"column":5}}]},"13":{"type":"branch","line":85,"loc":{"start":{"line":85,"column":4},"end":{"line":89,"column":5}},"locations":[{"start":{"line":85,"column":4},"end":{"line":89,"column":5}}]},"14":{"type":"branch","line":91,"loc":{"start":{"line":91,"column":11},"end":{"line":101,"column":5}},"locations":[{"start":{"line":91,"column":11},"end":{"line":101,"column":5}}]},"15":{"type":"branch","line":92,"loc":{"start":{"line":92,"column":50},"end":{"line":98,"column":9}},"locations":[{"start":{"line":92,"column":50},"end":{"line":98,"column":9}}]},"16":{"type":"branch","line":95,"loc":{"start":{"line":95,"column":14},"end":{"line":97,"column":13}},"locations":[{"start":{"line":95,"column":14},"end":{"line":97,"column":13}}]},"17":{"type":"branch","line":99,"loc":{"start":{"line":99,"column":-1},"end":{"line":101,"column":5}},"locations":[{"start":{"line":99,"column":-1},"end":{"line":101,"column":5}}]},"18":{"type":"branch","line":96,"loc":{"start":{"line":96,"column":34},"end":{"line":96,"column":81}},"locations":[{"start":{"line":96,"column":34},"end":{"line":96,"column":81}}]},"19":{"type":"branch","line":107,"loc":{"start":{"line":107,"column":4},"end":{"line":110,"column":5}},"locations":[{"start":{"line":107,"column":4},"end":{"line":110,"column":5}}]},"20":{"type":"branch","line":112,"loc":{"start":{"line":112,"column":11},"end":{"line":116,"column":5}},"locations":[{"start":{"line":112,"column":11},"end":{"line":116,"column":5}}]},"21":{"type":"branch","line":118,"loc":{"start":{"line":118,"column":4},"end":{"line":121,"column":5}},"locations":[{"start":{"line":118,"column":4},"end":{"line":121,"column":5}}]},"22":{"type":"branch","line":123,"loc":{"start":{"line":123,"column":4},"end":{"line":125,"column":5}},"locations":[{"start":{"line":123,"column":4},"end":{"line":125,"column":5}}]},"23":{"type":"branch","line":127,"loc":{"start":{"line":127,"column":4},"end":{"line":129,"column":5}},"locations":[{"start":{"line":127,"column":4},"end":{"line":129,"column":5}}]},"24":{"type":"branch","line":131,"loc":{"start":{"line":131,"column":4},"end":{"line":139,"column":5}},"locations":[{"start":{"line":131,"column":4},"end":{"line":139,"column":5}}]},"25":{"type":"branch","line":133,"loc":{"start":{"line":133,"column":28},"end":{"line":138,"column":9}},"locations":[{"start":{"line":133,"column":28},"end":{"line":138,"column":9}}]},"26":{"type":"branch","line":135,"loc":{"start":{"line":135,"column":47},"end":{"line":135,"column":59}},"locations":[{"start":{"line":135,"column":47},"end":{"line":135,"column":59}}]},"27":{"type":"branch","line":135,"loc":{"start":{"line":135,"column":60},"end":{"line":135,"column":78}},"locations":[{"start":{"line":135,"column":60},"end":{"line":135,"column":78}}]},"28":{"type":"branch","line":141,"loc":{"start":{"line":141,"column":4},"end":{"line":148,"column":5}},"locations":[{"start":{"line":141,"column":4},"end":{"line":148,"column":5}}]},"29":{"type":"branch","line":150,"loc":{"start":{"line":150,"column":4},"end":{"line":152,"column":5}},"locations":[{"start":{"line":150,"column":4},"end":{"line":152,"column":5}}]},"30":{"type":"branch","line":161,"loc":{"start":{"line":161,"column":4},"end":{"line":173,"column":5}},"locations":[{"start":{"line":161,"column":4},"end":{"line":173,"column":5}}]},"31":{"type":"branch","line":166,"loc":{"start":{"line":166,"column":49},"end":{"line":169,"column":9}},"locations":[{"start":{"line":166,"column":49},"end":{"line":169,"column":9}}]},"32":{"type":"branch","line":175,"loc":{"start":{"line":175,"column":4},"end":{"line":178,"column":5}},"locations":[{"start":{"line":175,"column":4},"end":{"line":178,"column":5}}]}},"b":{"0":[134],"1":[80],"2":[80],"3":[22],"4":[1],"5":[21],"6":[80],"7":[56],"8":[24],"9":[73],"10":[76],"11":[75],"12":[74],"13":[2],"14":[2],"15":[5],"16":[4],"17":[4],"18":[4],"19":[25],"20":[7],"21":[56],"22":[1],"23":[15],"24":[56],"25":[80],"26":[42],"27":[38],"28":[15],"29":[15],"30":[2],"31":[41],"32":[2]},"fnMap":{"0":{"name":"BaseNode","decl":{"start":{"line":9,"column":4},"end":{"line":12,"column":5}},"loc":{"start":{"line":9,"column":4},"end":{"line":12,"column":5}},"line":9},"1":{"name":"setParams","decl":{"start":{"line":14,"column":11},"end":{"line":16,"column":5}},"loc":{"start":{"line":14,"column":11},"end":{"line":16,"column":5}},"line":14},"2":{"name":"clone","decl":{"start":{"line":18,"column":11},"end":{"line":23,"column":5}},"loc":{"start":{"line":18,"column":11},"end":{"line":23,"column":5}},"line":18},"3":{"name":"addSuccessor","decl":{"start":{"line":27,"column":11},"end":{"line":34,"column":5}},"loc":{"start":{"line":27,"column":11},"end":{"line":34,"column":5}},"line":27},"4":{"name":"getSuccessor","decl":{"start":{"line":36,"column":11},"end":{"line":43,"column":5}},"loc":{"start":{"line":36,"column":11},"end":{"line":43,"column":5}},"line":36},"5":{"name":"execWrapper","decl":{"start":{"line":55,"column":11},"end":{"line":57,"column":5}},"loc":{"start":{"line":55,"column":11},"end":{"line":57,"column":5}},"line":55},"6":{"name":"run","decl":{"start":{"line":72,"column":11},"end":{"line":78,"column":5}},"loc":{"start":{"line":72,"column":11},"end":{"line":78,"column":5}},"line":72},"7":{"name":"RetryNode","decl":{"start":{"line":85,"column":4},"end":{"line":89,"column":5}},"loc":{"start":{"line":85,"column":4},"end":{"line":89,"column":5}},"line":85},"8":{"name":"execWrapper","decl":{"start":{"line":91,"column":11},"end":{"line":101,"column":5}},"loc":{"start":{"line":91,"column":11},"end":{"line":101,"column":5}},"line":91},"9":{"name":"Flow","decl":{"start":{"line":107,"column":4},"end":{"line":110,"column":5}},"loc":{"start":{"line":107,"column":4},"end":{"line":110,"column":5}},"line":107},"10":{"name":"_clone","decl":{"start":{"line":112,"column":11},"end":{"line":116,"column":5}},"loc":{"start":{"line":112,"column":11},"end":{"line":116,"column":5}},"line":112},"11":{"name":"getStartNode","decl":{"start":{"line":118,"column":4},"end":{"line":121,"column":5}},"loc":{"start":{"line":118,"column":4},"end":{"line":121,"column":5}},"line":118},"12":{"name":"execCore","decl":{"start":{"line":123,"column":4},"end":{"line":125,"column":5}},"loc":{"start":{"line":123,"column":4},"end":{"line":125,"column":5}},"line":123},"13":{"name":"prep","decl":{"start":{"line":127,"column":4},"end":{"line":129,"column":5}},"loc":{"start":{"line":127,"column":4},"end":{"line":129,"column":5}},"line":127},"14":{"name":"orchestrate","decl":{"start":{"line":131,"column":4},"end":{"line":139,"column":5}},"loc":{"start":{"line":131,"column":4},"end":{"line":139,"column":5}},"line":131},"15":{"name":"run","decl":{"start":{"line":141,"column":4},"end":{"line":148,"column":5}},"loc":{"start":{"line":141,"column":4},"end":{"line":148,"column":5}},"line":141},"16":{"name":"post","decl":{"start":{"line":150,"column":4},"end":{"line":152,"column":5}},"loc":{"start":{"line":150,"column":4},"end":{"line":152,"column":5}},"line":150},"17":{"name":"prep","decl":{"start":{"line":156,"column":4},"end":{"line":159,"column":5}},"loc":{"start":{"line":156,"column":4},"end":{"line":159,"column":5}},"line":156},"18":{"name":"run","decl":{"start":{"line":161,"column":4},"end":{"line":173,"column":5}},"loc":{"start":{"line":161,"column":4},"end":{"line":173,"column":5}},"line":161},"19":{"name":"post","decl":{"start":{"line":175,"column":4},"end":{"line":178,"column":5}},"loc":{"start":{"line":175,"column":4},"end":{"line":178,"column":5}},"line":175}},"f":{"0":134,"1":80,"2":80,"3":22,"4":80,"5":73,"6":76,"7":2,"8":2,"9":25,"10":7,"11":56,"12":1,"13":15,"14":56,"15":15,"16":15,"17":0,"18":2,"19":2}}
,"/Users/griffindunaif/Helena/pocket/src/testNodes.ts": {"path":"/Users/griffindunaif/Helena/pocket/src/testNodes.ts","all":false,"statementMap":{"0":{"start":{"line":1,"column":0},"end":{"line":1,"column":36}},"1":{"start":{"line":2,"column":0},"end":{"line":2,"column":0}},"2":{"start":{"line":3,"column":0},"end":{"line":3,"column":41}},"3":{"start":{"line":4,"column":0},"end":{"line":4,"column":48}},"4":{"start":{"line":5,"column":0},"end":{"line":5,"column":18}},"5":{"start":{"line":6,"column":0},"end":{"line":6,"column":5}},"6":{"start":{"line":7,"column":0},"end":{"line":7,"column":0}},"7":{"start":{"line":8,"column":0},"end":{"line":8,"column":31}},"8":{"start":{"line":9,"column":0},"end":{"line":9,"column":31}},"9":{"start":{"line":10,"column":0},"end":{"line":10,"column":5}},"10":{"start":{"line":11,"column":0},"end":{"line":11,"column":0}},"11":{"start":{"line":12,"column":0},"end":{"line":12,"column":51}},"12":{"start":{"line":13,"column":0},"end":{"line":13,"column":37}},"13":{"start":{"line":14,"column":0},"end":{"line":14,"column":5}},"14":{"start":{"line":15,"column":0},"end":{"line":15,"column":0}},"15":{"start":{"line":16,"column":0},"end":{"line":16,"column":85}},"16":{"start":{"line":17,"column":0},"end":{"line":17,"column":19}},"17":{"start":{"line":18,"column":0},"end":{"line":18,"column":5}},"18":{"start":{"line":19,"column":0},"end":{"line":19,"column":1}},"19":{"start":{"line":20,"column":0},"end":{"line":20,"column":0}},"20":{"start":{"line":21,"column":0},"end":{"line":21,"column":40}},"21":{"start":{"line":22,"column":0},"end":{"line":22,"column":25}},"22":{"start":{"line":23,"column":0},"end":{"line":23,"column":31}},"23":{"start":{"line":24,"column":0},"end":{"line":24,"column":16}},"24":{"start":{"line":25,"column":0},"end":{"line":25,"column":25}},"25":{"start":{"line":26,"column":0},"end":{"line":26,"column":5}},"26":{"start":{"line":27,"column":0},"end":{"line":27,"column":0}},"27":{"start":{"line":28,"column":0},"end":{"line":28,"column":31}},"28":{"start":{"line":29,"column":0},"end":{"line":29,"column":39}},"29":{"start":{"line":30,"column":0},"end":{"line":30,"column":5}},"30":{"start":{"line":31,"column":0},"end":{"line":31,"column":0}},"31":{"start":{"line":32,"column":0},"end":{"line":32,"column":51}},"32":{"start":{"line":33,"column":0},"end":{"line":33,"column":55}},"33":{"start":{"line":34,"column":0},"end":{"line":34,"column":5}},"34":{"start":{"line":35,"column":0},"end":{"line":35,"column":0}},"35":{"start":{"line":36,"column":0},"end":{"line":36,"column":85}},"36":{"start":{"line":37,"column":0},"end":{"line":37,"column":25}},"37":{"start":{"line":38,"column":0},"end":{"line":38,"column":5}},"38":{"start":{"line":39,"column":0},"end":{"line":39,"column":0}},"39":{"start":{"line":40,"column":0},"end":{"line":40,"column":48}},"40":{"start":{"line":41,"column":0},"end":{"line":41,"column":18}},"41":{"start":{"line":42,"column":0},"end":{"line":42,"column":5}},"42":{"start":{"line":43,"column":0},"end":{"line":43,"column":1}}},"s":{"0":1,"1":1,"2":1,"3":1,"4":1,"5":1,"6":1,"7":1,"8":1,"9":1,"10":1,"11":1,"12":1,"13":1,"14":1,"15":1,"16":1,"17":1,"18":1,"19":1,"20":1,"21":1,"22":1,"23":4,"24":4,"25":4,"26":1,"27":1,"28":1,"29":1,"30":1,"31":1,"32":1,"33":1,"34":1,"35":1,"36":1,"37":1,"38":1,"39":1,"40":1,"41":1,"42":1},"branchMap":{"0":{"type":"branch","line":4,"loc":{"start":{"line":4,"column":4},"end":{"line":6,"column":5}},"locations":[{"start":{"line":4,"column":4},"end":{"line":6,"column":5}}]},"1":{"type":"branch","line":8,"loc":{"start":{"line":8,"column":11},"end":{"line":10,"column":5}},"locations":[{"start":{"line":8,"column":11},"end":{"line":10,"column":5}}]},"2":{"type":"branch","line":12,"loc":{"start":{"line":12,"column":4},"end":{"line":14,"column":5}},"locations":[{"start":{"line":12,"column":4},"end":{"line":14,"column":5}}]},"3":{"type":"branch","line":16,"loc":{"start":{"line":16,"column":4},"end":{"line":18,"column":5}},"locations":[{"start":{"line":16,"column":4},"end":{"line":18,"column":5}}]},"4":{"type":"branch","line":23,"loc":{"start":{"line":23,"column":4},"end":{"line":26,"column":5}},"locations":[{"start":{"line":23,"column":4},"end":{"line":26,"column":5}}]},"5":{"type":"branch","line":28,"loc":{"start":{"line":28,"column":11},"end":{"line":30,"column":5}},"locations":[{"start":{"line":28,"column":11},"end":{"line":30,"column":5}}]},"6":{"type":"branch","line":32,"loc":{"start":{"line":32,"column":4},"end":{"line":34,"column":5}},"locations":[{"start":{"line":32,"column":4},"end":{"line":34,"column":5}}]},"7":{"type":"branch","line":36,"loc":{"start":{"line":36,"column":4},"end":{"line":38,"column":5}},"locations":[{"start":{"line":36,"column":4},"end":{"line":38,"column":5}}]},"8":{"type":"branch","line":40,"loc":{"start":{"line":40,"column":4},"end":{"line":42,"column":5}},"locations":[{"start":{"line":40,"column":4},"end":{"line":42,"column":5}}]}},"b":{"0":[1],"1":[1],"2":[1],"3":[1],"4":[4],"5":[1],"6":[1],"7":[1],"8":[1]},"fnMap":{"0":{"name":"prep","decl":{"start":{"line":4,"column":4},"end":{"line":6,"column":5}},"loc":{"start":{"line":4,"column":4},"end":{"line":6,"column":5}},"line":4},"1":{"name":"_clone","decl":{"start":{"line":8,"column":11},"end":{"line":10,"column":5}},"loc":{"start":{"line":8,"column":11},"end":{"line":10,"column":5}},"line":8},"2":{"name":"execCore","decl":{"start":{"line":12,"column":4},"end":{"line":14,"column":5}},"loc":{"start":{"line":12,"column":4},"end":{"line":14,"column":5}},"line":12},"3":{"name":"post","decl":{"start":{"line":16,"column":4},"end":{"line":18,"column":5}},"loc":{"start":{"line":16,"column":4},"end":{"line":18,"column":5}},"line":16},"4":{"name":"WordNode","decl":{"start":{"line":23,"column":4},"end":{"line":26,"column":5}},"loc":{"start":{"line":23,"column":4},"end":{"line":26,"column":5}},"line":23},"5":{"name":"_clone","decl":{"start":{"line":28,"column":11},"end":{"line":30,"column":5}},"loc":{"start":{"line":28,"column":11},"end":{"line":30,"column":5}},"line":28},"6":{"name":"execCore","decl":{"start":{"line":32,"column":4},"end":{"line":34,"column":5}},"loc":{"start":{"line":32,"column":4},"end":{"line":34,"column":5}},"line":32},"7":{"name":"post","decl":{"start":{"line":36,"column":4},"end":{"line":38,"column":5}},"loc":{"start":{"line":36,"column":4},"end":{"line":38,"column":5}},"line":36},"8":{"name":"prep","decl":{"start":{"line":40,"column":4},"end":{"line":42,"column":5}},"loc":{"start":{"line":40,"column":4},"end":{"line":42,"column":5}},"line":40}},"f":{"0":1,"1":1,"2":1,"3":1,"4":4,"5":1,"6":1,"7":1,"8":1}}
}
