TN:
SF:src/pocket.ts
FN:9,BaseNode
FN:14,setParams
FN:18,clone
FN:27,addSuccessor
FN:36,getSuccessor
FN:55,execWrapper
FN:72,run
FN:85,RetryNode
FN:91,execWrapper
FN:107,Flow
FN:112,_clone
FN:118,getStartNode
FN:123,execCore
FN:127,prep
FN:131,orchestrate
FN:141,run
FN:150,post
FN:156,prep
FN:161,run
FN:175,post
FNF:20
FNH:19
FNDA:134,BaseNode
FNDA:80,setParams
FNDA:80,clone
FNDA:22,addSuccessor
FNDA:80,getSuccessor
FNDA:73,execWrapper
FNDA:76,run
FNDA:2,RetryNode
FNDA:2,execWrapper
FNDA:25,Flow
FNDA:7,_clone
FNDA:56,getStartNode
FNDA:1,execCore
FNDA:15,prep
FNDA:56,orchestrate
FNDA:15,run
FNDA:15,post
FNDA:0,prep
FNDA:2,run
FNDA:2,post
DA:1,1
DA:2,1
DA:3,1
DA:4,1
DA:5,1
DA:6,1
DA:7,1
DA:8,1
DA:9,1
DA:10,134
DA:11,134
DA:12,134
DA:13,1
DA:14,1
DA:15,80
DA:16,80
DA:17,1
DA:18,1
DA:19,80
DA:20,80
DA:21,80
DA:22,80
DA:23,80
DA:24,1
DA:25,1
DA:26,1
DA:27,1
DA:28,22
DA:29,1
DA:30,1
DA:31,21
DA:32,21
DA:33,21
DA:34,21
DA:35,1
DA:36,1
DA:37,80
DA:38,56
DA:39,56
DA:40,24
DA:41,24
DA:42,24
DA:43,24
DA:44,1
DA:45,1
DA:46,1
DA:47,1
DA:48,1
DA:49,1
DA:50,1
DA:51,1
DA:52,1
DA:53,1
DA:54,1
DA:55,1
DA:56,73
DA:57,73
DA:58,1
DA:59,1
DA:60,1
DA:61,1
DA:62,1
DA:63,1
DA:64,1
DA:65,1
DA:66,1
DA:67,1
DA:68,1
DA:69,1
DA:70,1
DA:71,1
DA:72,1
DA:73,76
DA:74,75
DA:75,74
DA:76,74
DA:77,74
DA:78,74
DA:79,1
DA:80,1
DA:81,1
DA:82,1
DA:83,1
DA:84,1
DA:85,1
DA:86,2
DA:87,2
DA:88,2
DA:89,2
DA:90,1
DA:91,1
DA:92,2
DA:93,5
DA:94,5
DA:95,5
DA:96,4
DA:97,4
DA:98,5
DA:99,4
DA:100,4
DA:101,4
DA:102,1
DA:103,1
DA:104,1
DA:105,1
DA:106,1
DA:107,1
DA:108,25
DA:109,25
DA:110,25
DA:111,1
DA:112,1
DA:113,7
DA:114,7
DA:115,7
DA:116,7
DA:117,1
DA:118,1
DA:119,56
DA:120,56
DA:121,56
DA:122,1
DA:123,1
DA:124,1
DA:125,1
DA:126,1
DA:127,1
DA:128,15
DA:129,15
DA:130,1
DA:131,1
DA:132,56
DA:133,56
DA:134,80
DA:135,80
DA:136,80
DA:137,80
DA:138,80
DA:139,56
DA:140,1
DA:141,1
DA:142,15
DA:143,15
DA:144,15
DA:145,15
DA:146,15
DA:147,15
DA:148,15
DA:149,1
DA:150,1
DA:151,15
DA:152,15
DA:153,1
DA:154,1
DA:155,1
DA:156,1
DA:157,0
DA:158,0
DA:159,0
DA:160,1
DA:161,1
DA:162,2
DA:163,2
DA:164,2
DA:165,2
DA:166,2
DA:167,41
DA:168,41
DA:169,41
DA:170,2
DA:171,2
DA:172,2
DA:173,2
DA:174,1
DA:175,1
DA:176,2
DA:177,2
DA:178,2
DA:179,1
LF:179
LH:176
BRDA:9,0,0,134
BRDA:14,1,0,80
BRDA:18,2,0,80
BRDA:27,3,0,22
BRDA:28,4,0,1
BRDA:31,5,0,21
BRDA:36,6,0,80
BRDA:37,7,0,56
BRDA:40,8,0,24
BRDA:55,9,0,73
BRDA:72,10,0,76
BRDA:74,11,0,75
BRDA:75,12,0,74
BRDA:85,13,0,2
BRDA:91,14,0,2
BRDA:92,15,0,5
BRDA:95,16,0,4
BRDA:99,17,0,4
BRDA:96,18,0,4
BRDA:107,19,0,25
BRDA:112,20,0,7
BRDA:118,21,0,56
BRDA:123,22,0,1
BRDA:127,23,0,15
BRDA:131,24,0,56
BRDA:133,25,0,80
BRDA:135,26,0,42
BRDA:135,27,0,38
BRDA:141,28,0,15
BRDA:150,29,0,15
BRDA:161,30,0,2
BRDA:166,31,0,41
BRDA:175,32,0,2
BRF:33
BRH:33
end_of_record
TN:
SF:src/testNodes.ts
FN:4,prep
FN:8,_clone
FN:12,execCore
FN:16,post
FN:23,WordNode
FN:28,_clone
FN:32,execCore
FN:36,post
FN:40,prep
FNF:9
FNH:9
FNDA:1,prep
FNDA:1,_clone
FNDA:1,execCore
FNDA:1,post
FNDA:4,WordNode
FNDA:1,_clone
FNDA:1,execCore
FNDA:1,post
FNDA:1,prep
DA:1,1
DA:2,1
DA:3,1
DA:4,1
DA:5,1
DA:6,1
DA:7,1
DA:8,1
DA:9,1
DA:10,1
DA:11,1
DA:12,1
DA:13,1
DA:14,1
DA:15,1
DA:16,1
DA:17,1
DA:18,1
DA:19,1
DA:20,1
DA:21,1
DA:22,1
DA:23,1
DA:24,4
DA:25,4
DA:26,4
DA:27,1
DA:28,1
DA:29,1
DA:30,1
DA:31,1
DA:32,1
DA:33,1
DA:34,1
DA:35,1
DA:36,1
DA:37,1
DA:38,1
DA:39,1
DA:40,1
DA:41,1
DA:42,1
DA:43,1
LF:43
LH:43
BRDA:4,0,0,1
BRDA:8,1,0,1
BRDA:12,2,0,1
BRDA:16,3,0,1
BRDA:23,4,0,4
BRDA:28,5,0,1
BRDA:32,6,0,1
BRDA:36,7,0,1
BRDA:40,8,0,1
BRF:9
BRH:9
end_of_record
